<?xml version="1.0" encoding="UTF-8"?>
<!-- Generated by org.testng.reporters.JUnitReportReporter -->
<testsuite hostname="LAPTOP-AQG8T4JJ" failures="0" tests="3" name="TestNG.UsingPriorityFlag" time="0.023" errors="0" timestamp="2025-02-22T12:37:17 IST" skipped="0">
  <testcase classname="TestNG.UsingPriorityFlag" name="guava" time="0.016">
    <system-out>
      <![CDATA[Test Started guava]]>
    </system-out>
  </testcase> <!-- guava -->
  <testcase classname="TestNG.UsingPriorityFlag" name="orange" time="0.003">
    <system-out>
      <![CDATA[TestvStarted orange]]>
    </system-out>
  </testcase> <!-- orange -->
  <testcase classname="TestNG.UsingPriorityFlag" name="apple" time="0.004">
    <system-out>
      <![CDATA[Test Started apple]]>
    </system-out>
  </testcase> <!-- apple -->
  <system-out>
    <![CDATA[Test Started guava
TestvStarted orange
Test Started apple
demo
demo
demo
register
orange
Test Started guava
Test Started orange
Test Started orange
Test Started orange
Test Started apple]]>
  </system-out>
</testsuite> <!-- TestNG.UsingPriorityFlag -->
