<?xml version="1.0" encoding="UTF-8"?>
<!-- Generated by org.testng.reporters.JUnitReportReporter -->
<testsuite hostname="LAPTOP-AQG8T4JJ" failures="0" tests="3" name="TestNG.Using_ThreadpoolSize" time="0.008" errors="0" timestamp="2025-02-22T12:37:17 IST" skipped="0">
  <testcase classname="TestNG.Using_ThreadpoolSize" name="demo" time="0.005">
    <system-out>
      <![CDATA[demo]]>
    </system-out>
  </testcase> <!-- demo -->
  <testcase classname="TestNG.Using_ThreadpoolSize" name="demo" time="0.002">
    <system-out>
      <![CDATA[demo]]>
    </system-out>
  </testcase> <!-- demo -->
  <testcase classname="TestNG.Using_ThreadpoolSize" name="demo" time="0.001">
    <system-out>
      <![CDATA[demo]]>
    </system-out>
  </testcase> <!-- demo -->
  <system-out>
    <![CDATA[Test Started guava
TestvStarted orange
Test Started apple
demo
demo
demo
register
orange
Test Started guava
Test Started orange
Test Started orange
Test Started orange
Test Started apple]]>
  </system-out>
</testsuite> <!-- TestNG.Using_ThreadpoolSize -->
