<?xml version="1.0" encoding="UTF-8"?>
<!-- Generated by org.testng.reporters.JUnitReportReporter -->
<testsuite hostname="LAPTOP-AQG8T4JJ" failures="0" tests="2" name="CrossBrowsertesting.FBSenario" time="9.734" errors="0" timestamp="2025-02-22T12:35:18 IST" skipped="0">
  <testcase classname="CrossBrowsertesting.FBSenario" name="launchFb" time="4.156"/>
  <testcase classname="CrossBrowsertesting.FBSenario" name="launchFb" time="5.578"/>
</testsuite> <!-- CrossBrowsertesting.FBSenario -->
