<?xml version="1.0" encoding="UTF-8"?>
<!-- Generated by org.testng.reporters.JUnitReportReporter -->
<testsuite hostname="LAPTOP-AQG8T4JJ" failures="0" tests="2" name="CrossBrowsertesting.Swiggysenario" time="14.041" errors="0" timestamp="2025-02-22T12:35:18 IST" skipped="0">
  <testcase classname="CrossBrowsertesting.Swiggysenario" name="launcSwiggyScenario" time="5.743"/>
  <testcase classname="CrossBrowsertesting.Swiggysenario" name="launcSwiggyScenario" time="8.298"/>
</testsuite> <!-- CrossBrowsertesting.Swiggysenario -->
