<?xml version="1.0" encoding="UTF-8"?>
<!-- Generated by org.testng.reporters.JUnitReportReporter -->
<testsuite hostname="LAPTOP-AQG8T4JJ" failures="0" tests="2" name="Data_Providers.Test_DataProviders" time="0.015" errors="0" timestamp="2025-02-24T19:37:50 IST" skipped="0">
  <testcase classname="Data_Providers.Test_DataProviders" name="demo" time="0.012"/>
  <testcase classname="Data_Providers.Test_DataProviders" name="demo" time="0.003"/>
</testsuite> <!-- Data_Providers.Test_DataProviders -->
