<?xml version="1.0" encoding="UTF-8"?>
<!-- Generated by org.testng.reporters.JUnitReportReporter -->
<testsuite hostname="LAPTOP-AQG8T4JJ" failures="0" tests="1" name="TestNG.Zomato" time="4.274" errors="0" timestamp="2025-02-22T12:36:45 IST" skipped="0">
  <testcase classname="TestNG.Zomato" name="launchfb" time="4.274"/>
</testsuite> <!-- TestNG.Zomato -->
