<?xml version="1.0" encoding="UTF-8"?>
<!-- Generated by org.testng.reporters.JUnitReportReporter -->
<testsuite hostname="LAPTOP-AQG8T4JJ" failures="0" tests="2" name="CrossBrowsertesting.ZomatoSenario" time="12.918" errors="0" timestamp="2025-02-22T12:35:18 IST" skipped="0">
  <testcase classname="CrossBrowsertesting.ZomatoSenario" name="launchZomatoScenario" time="5.499"/>
  <testcase classname="CrossBrowsertesting.ZomatoSenario" name="launchZomatoScenario" time="7.419"/>
</testsuite> <!-- CrossBrowsertesting.ZomatoSenario -->
