<?xml version="1.0" encoding="UTF-8"?>
<!-- Generated by org.testng.reporters.JUnitReportReporter -->
<testsuite hostname="LAPTOP-AQG8T4JJ" failures="0" tests="1" name="Listeners.Listeners_Scenario" time="0.023" errors="0" timestamp="2025-02-25T10:34:29 IST" skipped="0">
  <testcase classname="Listeners.Listeners_Scenario" name="demo" time="0.023"/>
</testsuite> <!-- Listeners.Listeners_Scenario -->
