<?xml version="1.0" encoding="UTF-8"?>
<!-- Generated by org.testng.reporters.JUnitReportReporter -->
<testsuite hostname="LAPTOP-AQG8T4JJ" failures="0" tests="2" name="TestNG.Using_Enabled" time="0.003" errors="0" timestamp="2025-02-22T12:37:17 IST" skipped="1">
  <testcase classname="TestNG.Using_Enabled" name="orange" time="0.003">
    <system-out>
      <![CDATA[orange]]>
    </system-out>
  </testcase> <!-- orange -->
  <testcase classname="TestNG.Using_Enabled" name="cat">
    <skipped/>
  </testcase> <!-- cat -->
  <system-out>
    <![CDATA[Test Started guava
TestvStarted orange
Test Started apple
demo
demo
demo
register
orange
Test Started guava
Test Started orange
Test Started orange
Test Started orange
Test Started apple]]>
  </system-out>
</testsuite> <!-- TestNG.Using_Enabled -->
