<?xml version="1.0" encoding="UTF-8"?>
<!-- Generated by org.testng.reporters.JUnitReportReporter -->
<testsuite hostname="LAPTOP-AQG8T4JJ" failures="0" tests="5" name="TestNG.UsingInvocationCountFlag" time="0.017" errors="0" timestamp="2025-02-24T19:38:05 IST" skipped="0">
  <testcase classname="TestNG.UsingInvocationCountFlag" name="guava" time="0.013">
    <system-out>
      <![CDATA[Test Started guava]]>
    </system-out>
  </testcase> <!-- guava -->
  <testcase classname="TestNG.UsingInvocationCountFlag" name="orange" time="0.001">
    <system-out>
      <![CDATA[Test Started orange]]>
    </system-out>
  </testcase> <!-- orange -->
  <testcase classname="TestNG.UsingInvocationCountFlag" name="orange" time="0.002">
    <system-out>
      <![CDATA[Test Started orange]]>
    </system-out>
  </testcase> <!-- orange -->
  <testcase classname="TestNG.UsingInvocationCountFlag" name="orange" time="0.001">
    <system-out>
      <![CDATA[Test Started orange]]>
    </system-out>
  </testcase> <!-- orange -->
  <testcase classname="TestNG.UsingInvocationCountFlag" name="apple" time="0.000">
    <system-out>
      <![CDATA[Test Started apple]]>
    </system-out>
  </testcase> <!-- apple -->
  <system-out>
    <![CDATA[Test Started guava
Test Started orange
Test Started orange
Test Started orange
Test Started apple]]>
  </system-out>
</testsuite> <!-- TestNG.UsingInvocationCountFlag -->
