<?xml version="1.0" encoding="UTF-8"?>
<!-- Generated by org.testng.reporters.JUnitReportReporter -->
<testsuite hostname="LAPTOP-AQG8T4JJ" failures="0" tests="1" name="Annotations.TestScenario" time="0.007" errors="0" timestamp="2025-02-24T19:56:35 IST" skipped="0">
  <testcase classname="Annotations.TestScenario" name="demo" time="0.007"/>
</testsuite> <!-- Annotations.TestScenario -->
