<?xml version="1.0" encoding="UTF-8"?>
<!-- Generated by org.testng.reporters.JUnitReportReporter -->
<testsuite hostname="LAPTOP-AQG8T4JJ" failures="0" tests="1" name="Assertions.Using_Hard_Assert" time="4.255" errors="0" timestamp="2025-02-25T09:45:00 IST" skipped="0">
  <testcase classname="Assertions.Using_Hard_Assert" name="HardAssert" time="4.255"/>
</testsuite> <!-- Assertions.Using_Hard_Assert -->
